Traceback (most recent call last):
  File "/home/pi/netatmo/netatmo_climate.py", line 133, in <module>
    main()
    ~~~~^^
  File "/home/pi/netatmo/netatmo_climate.py", line 127, in main
    home, status = get_climate_data(access_token, HOME_ID)
                   ~~~~~~~~~~~~~~~~^^^^^^^^^^^^^^^^^^^^^^^
  File "/home/pi/netatmo/netatmo_climate.py", line 77, in get_climate_data
    r2.raise_for_status()
    ~~~~~~~~~~~~~~~~~~~^^
  File "/home/pi/netatmo/venv/lib/python3.13/site-packages/requests/models.py", line 1026, in raise_for_status
    raise HTTPError(http_error_msg, response=self)
requests.exceptions.HTTPError: 429 Client Error: ConcurrencyLimitTimedOut for url: https://api.netatmo.com/api/homestatus?home_id=5923ef916d1dbdb79a8b476c
Traceback (most recent call last):
  File "/home/pi/netatmo/netatmo_climate.py", line 133, in <module>
    main()
    ~~~~^^
  File "/home/pi/netatmo/netatmo_climate.py", line 127, in main
    home, status = get_climate_data(access_token, HOME_ID)
                   ~~~~~~~~~~~~~~~~^^^^^^^^^^^^^^^^^^^^^^^
  File "/home/pi/netatmo/netatmo_climate.py", line 77, in get_climate_data
    r2.raise_for_status()
    ~~~~~~~~~~~~~~~~~~~^^
  File "/home/pi/netatmo/venv/lib/python3.13/site-packages/requests/models.py", line 1026, in raise_for_status
    raise HTTPError(http_error_msg, response=self)
requests.exceptions.HTTPError: 429 Client Error: ConcurrencyLimitTimedOut for url: https://api.netatmo.com/api/homestatus?home_id=5923ef916d1dbdb79a8b476c
Traceback (most recent call last):
  File "/home/pi/netatmo/netatmo_climate.py", line 133, in <module>
    main()
    ~~~~^^
  File "/home/pi/netatmo/netatmo_climate.py", line 127, in main
    home, status = get_climate_data(access_token, HOME_ID)
                   ~~~~~~~~~~~~~~~~^^^^^^^^^^^^^^^^^^^^^^^
  File "/home/pi/netatmo/netatmo_climate.py", line 77, in get_climate_data
    r2.raise_for_status()
    ~~~~~~~~~~~~~~~~~~~^^
  File "/home/pi/netatmo/venv/lib/python3.13/site-packages/requests/models.py", line 1026, in raise_for_status
    raise HTTPError(http_error_msg, response=self)
requests.exceptions.HTTPError: 429 Client Error: ConcurrencyLimitTimedOut for url: https://api.netatmo.com/api/homestatus?home_id=5923ef916d1dbdb79a8b476c
/home/pi/netatmo/venv/bin/python: can't open file '/home/pi/netatmo/netatmo_climate.py': [Errno 2] No such file or directory
Traceback (most recent call last):
  File "/home/pi/netatmo/netatmo_climate.py", line 141, in <module>
    main()
    ~~~~^^
  File "/home/pi/netatmo/netatmo_climate.py", line 135, in main
    home, status = get_climate_data(access_token, HOME_ID)
                   ~~~~~~~~~~~~~~~~^^^^^^^^^^^^^^^^^^^^^^^
  File "/home/pi/netatmo/netatmo_climate.py", line 77, in get_climate_data
    r2.raise_for_status()
    ~~~~~~~~~~~~~~~~~~~^^
  File "/home/pi/netatmo/venv/lib/python3.13/site-packages/requests/models.py", line 1026, in raise_for_status
    raise HTTPError(http_error_msg, response=self)
requests.exceptions.HTTPError: 429 Client Error: ConcurrencyLimitTimedOut for url: https://api.netatmo.com/api/homestatus?home_id=5923ef916d1dbdb79a8b476c
Traceback (most recent call last):
  File "/home/pi/netatmo/netatmo_climate.py", line 141, in <module>
    main()
    ~~~~^^
  File "/home/pi/netatmo/netatmo_climate.py", line 135, in main
    home, status = get_climate_data(access_token, HOME_ID)
                   ~~~~~~~~~~~~~~~~^^^^^^^^^^^^^^^^^^^^^^^
  File "/home/pi/netatmo/netatmo_climate.py", line 77, in get_climate_data
    r2.raise_for_status()
    ~~~~~~~~~~~~~~~~~~~^^
  File "/home/pi/netatmo/venv/lib/python3.13/site-packages/requests/models.py", line 1026, in raise_for_status
    raise HTTPError(http_error_msg, response=self)
requests.exceptions.HTTPError: 429 Client Error: ConcurrencyLimitTimedOut for url: https://api.netatmo.com/api/homestatus?home_id=5923ef916d1dbdb79a8b476c
Traceback (most recent call last):
  File "/home/pi/netatmo/netatmo_climate.py", line 141, in <module>
    main()
    ~~~~^^
  File "/home/pi/netatmo/netatmo_climate.py", line 135, in main
    home, status = get_climate_data(access_token, HOME_ID)
                   ~~~~~~~~~~~~~~~~^^^^^^^^^^^^^^^^^^^^^^^
  File "/home/pi/netatmo/netatmo_climate.py", line 77, in get_climate_data
    r2.raise_for_status()
    ~~~~~~~~~~~~~~~~~~~^^
  File "/home/pi/netatmo/venv/lib/python3.13/site-packages/requests/models.py", line 1026, in raise_for_status
    raise HTTPError(http_error_msg, response=self)
requests.exceptions.HTTPError: 429 Client Error: ConcurrencyLimitTimedOut for url: https://api.netatmo.com/api/homestatus?home_id=5923ef916d1dbdb79a8b476c
Traceback (most recent call last):
  File "/home/pi/netatmo/netatmo_climate.py", line 141, in <module>
    main()
    ~~~~^^
  File "/home/pi/netatmo/netatmo_climate.py", line 135, in main
    home, status = get_climate_data(access_token, HOME_ID)
                   ~~~~~~~~~~~~~~~~^^^^^^^^^^^^^^^^^^^^^^^
  File "/home/pi/netatmo/netatmo_climate.py", line 77, in get_climate_data
    r2.raise_for_status()
    ~~~~~~~~~~~~~~~~~~~^^
  File "/home/pi/netatmo/venv/lib/python3.13/site-packages/requests/models.py", line 1026, in raise_for_status
    raise HTTPError(http_error_msg, response=self)
requests.exceptions.HTTPError: 429 Client Error: ConcurrencyLimitTimedOut for url: https://api.netatmo.com/api/homestatus?home_id=5923ef916d1dbdb79a8b476c
Traceback (most recent call last):
  File "/home/pi/netatmo/netatmo_climate.py", line 141, in <module>
    main()
    ~~~~^^
  File "/home/pi/netatmo/netatmo_climate.py", line 135, in main
    home, status = get_climate_data(access_token, HOME_ID)
                   ~~~~~~~~~~~~~~~~^^^^^^^^^^^^^^^^^^^^^^^
  File "/home/pi/netatmo/netatmo_climate.py", line 77, in get_climate_data
    r2.raise_for_status()
    ~~~~~~~~~~~~~~~~~~~^^
  File "/home/pi/netatmo/venv/lib/python3.13/site-packages/requests/models.py", line 1026, in raise_for_status
    raise HTTPError(http_error_msg, response=self)
requests.exceptions.HTTPError: 429 Client Error: ConcurrencyLimitTimedOut for url: https://api.netatmo.com/api/homestatus?home_id=5923ef916d1dbdb79a8b476c
Traceback (most recent call last):
  File "/home/pi/netatmo/netatmo_climate.py", line 141, in <module>
    main()
    ~~~~^^
  File "/home/pi/netatmo/netatmo_climate.py", line 135, in main
    home, status = get_climate_data(access_token, HOME_ID)
                   ~~~~~~~~~~~~~~~~^^^^^^^^^^^^^^^^^^^^^^^
  File "/home/pi/netatmo/netatmo_climate.py", line 77, in get_climate_data
    r2.raise_for_status()
    ~~~~~~~~~~~~~~~~~~~^^
  File "/home/pi/netatmo/venv/lib/python3.13/site-packages/requests/models.py", line 1026, in raise_for_status
    raise HTTPError(http_error_msg, response=self)
requests.exceptions.HTTPError: 429 Client Error: ConcurrencyLimitTimedOut for url: https://api.netatmo.com/api/homestatus?home_id=5923ef916d1dbdb79a8b476c
Traceback (most recent call last):
  File "/home/pi/netatmo/netatmo_climate.py", line 141, in <module>
    main()
    ~~~~^^
  File "/home/pi/netatmo/netatmo_climate.py", line 135, in main
    home, status = get_climate_data(access_token, HOME_ID)
                   ~~~~~~~~~~~~~~~~^^^^^^^^^^^^^^^^^^^^^^^
  File "/home/pi/netatmo/netatmo_climate.py", line 77, in get_climate_data
    r2.raise_for_status()
    ~~~~~~~~~~~~~~~~~~~^^
  File "/home/pi/netatmo/venv/lib/python3.13/site-packages/requests/models.py", line 1026, in raise_for_status
    raise HTTPError(http_error_msg, response=self)
requests.exceptions.HTTPError: 429 Client Error: ConcurrencyLimitTimedOut for url: https://api.netatmo.com/api/homestatus?home_id=5923ef916d1dbdb79a8b476c
Traceback (most recent call last):
  File "/home/pi/netatmo/netatmo_climate.py", line 141, in <module>
    main()
    ~~~~^^
  File "/home/pi/netatmo/netatmo_climate.py", line 135, in main
    home, status = get_climate_data(access_token, HOME_ID)
                   ~~~~~~~~~~~~~~~~^^^^^^^^^^^^^^^^^^^^^^^
  File "/home/pi/netatmo/netatmo_climate.py", line 77, in get_climate_data
    r2.raise_for_status()
    ~~~~~~~~~~~~~~~~~~~^^
  File "/home/pi/netatmo/venv/lib/python3.13/site-packages/requests/models.py", line 1026, in raise_for_status
    raise HTTPError(http_error_msg, response=self)
requests.exceptions.HTTPError: 429 Client Error: ConcurrencyLimitTimedOut for url: https://api.netatmo.com/api/homestatus?home_id=5923ef916d1dbdb79a8b476c
Traceback (most recent call last):
  File "/home/pi/netatmo/netatmo_climate.py", line 141, in <module>
    main()
    ~~~~^^
  File "/home/pi/netatmo/netatmo_climate.py", line 135, in main
    home, status = get_climate_data(access_token, HOME_ID)
                   ~~~~~~~~~~~~~~~~^^^^^^^^^^^^^^^^^^^^^^^
  File "/home/pi/netatmo/netatmo_climate.py", line 77, in get_climate_data
    r2.raise_for_status()
    ~~~~~~~~~~~~~~~~~~~^^
  File "/home/pi/netatmo/venv/lib/python3.13/site-packages/requests/models.py", line 1026, in raise_for_status
    raise HTTPError(http_error_msg, response=self)
requests.exceptions.HTTPError: 429 Client Error: ConcurrencyLimitTimedOut for url: https://api.netatmo.com/api/homestatus?home_id=5923ef916d1dbdb79a8b476c
Traceback (most recent call last):
  File "/home/pi/netatmo/netatmo_climate.py", line 141, in <module>
    main()
    ~~~~^^
  File "/home/pi/netatmo/netatmo_climate.py", line 135, in main
    home, status = get_climate_data(access_token, HOME_ID)
                   ~~~~~~~~~~~~~~~~^^^^^^^^^^^^^^^^^^^^^^^
  File "/home/pi/netatmo/netatmo_climate.py", line 77, in get_climate_data
    r2.raise_for_status()
    ~~~~~~~~~~~~~~~~~~~^^
  File "/home/pi/netatmo/venv/lib/python3.13/site-packages/requests/models.py", line 1026, in raise_for_status
    raise HTTPError(http_error_msg, response=self)
requests.exceptions.HTTPError: 429 Client Error: ConcurrencyLimitTimedOut for url: https://api.netatmo.com/api/homestatus?home_id=5923ef916d1dbdb79a8b476c
Traceback (most recent call last):
  File "/home/pi/netatmo/netatmo_climate.py", line 141, in <module>
    main()
    ~~~~^^
  File "/home/pi/netatmo/netatmo_climate.py", line 135, in main
    home, status = get_climate_data(access_token, HOME_ID)
                   ~~~~~~~~~~~~~~~~^^^^^^^^^^^^^^^^^^^^^^^
  File "/home/pi/netatmo/netatmo_climate.py", line 77, in get_climate_data
    r2.raise_for_status()
    ~~~~~~~~~~~~~~~~~~~^^
  File "/home/pi/netatmo/venv/lib/python3.13/site-packages/requests/models.py", line 1026, in raise_for_status
    raise HTTPError(http_error_msg, response=self)
requests.exceptions.HTTPError: 429 Client Error: ConcurrencyLimitTimedOut for url: https://api.netatmo.com/api/homestatus?home_id=5923ef916d1dbdb79a8b476c
Traceback (most recent call last):
  File "/home/pi/netatmo/netatmo_climate.py", line 141, in <module>
    main()
    ~~~~^^
  File "/home/pi/netatmo/netatmo_climate.py", line 135, in main
    home, status = get_climate_data(access_token, HOME_ID)
                   ~~~~~~~~~~~~~~~~^^^^^^^^^^^^^^^^^^^^^^^
  File "/home/pi/netatmo/netatmo_climate.py", line 77, in get_climate_data
    r2.raise_for_status()
    ~~~~~~~~~~~~~~~~~~~^^
  File "/home/pi/netatmo/venv/lib/python3.13/site-packages/requests/models.py", line 1026, in raise_for_status
    raise HTTPError(http_error_msg, response=self)
requests.exceptions.HTTPError: 429 Client Error: ConcurrencyLimitTimedOut for url: https://api.netatmo.com/api/homestatus?home_id=5923ef916d1dbdb79a8b476c
Traceback (most recent call last):
  File "/home/pi/netatmo/netatmo_climate.py", line 141, in <module>
    main()
    ~~~~^^
  File "/home/pi/netatmo/netatmo_climate.py", line 135, in main
    home, status = get_climate_data(access_token, HOME_ID)
                   ~~~~~~~~~~~~~~~~^^^^^^^^^^^^^^^^^^^^^^^
  File "/home/pi/netatmo/netatmo_climate.py", line 77, in get_climate_data
    r2.raise_for_status()
    ~~~~~~~~~~~~~~~~~~~^^
  File "/home/pi/netatmo/venv/lib/python3.13/site-packages/requests/models.py", line 1026, in raise_for_status
    raise HTTPError(http_error_msg, response=self)
requests.exceptions.HTTPError: 429 Client Error: ConcurrencyLimitTimedOut for url: https://api.netatmo.com/api/homestatus?home_id=5923ef916d1dbdb79a8b476c
Traceback (most recent call last):
  File "/home/pi/netatmo/netatmo_climate.py", line 141, in <module>
    main()
    ~~~~^^
  File "/home/pi/netatmo/netatmo_climate.py", line 136, in main
    row = parse_climate_data(home, status)
  File "/home/pi/netatmo/netatmo_climate.py", line 91, in parse_climate_data
    temp_indoor = room["therm_measured_temperature"]
                  ~~~~^^^^^^^^^^^^^^^^^^^^^^^^^^^^^^
KeyError: 'therm_measured_temperature'
Traceback (most recent call last):
  File "/home/pi/netatmo/netatmo_climate.py", line 141, in <module>
    main()
    ~~~~^^
  File "/home/pi/netatmo/netatmo_climate.py", line 136, in main
    row = parse_climate_data(home, status)
  File "/home/pi/netatmo/netatmo_climate.py", line 91, in parse_climate_data
    temp_indoor = room["therm_measured_temperature"]
                  ~~~~^^^^^^^^^^^^^^^^^^^^^^^^^^^^^^
KeyError: 'therm_measured_temperature'
Traceback (most recent call last):
  File "/home/pi/netatmo/netatmo_climate.py", line 141, in <module>
    main()
    ~~~~^^
  File "/home/pi/netatmo/netatmo_climate.py", line 136, in main
    row = parse_climate_data(home, status)
  File "/home/pi/netatmo/netatmo_climate.py", line 91, in parse_climate_data
    temp_indoor = room["therm_measured_temperature"]
                  ~~~~^^^^^^^^^^^^^^^^^^^^^^^^^^^^^^
KeyError: 'therm_measured_temperature'
Traceback (most recent call last):
  File "/home/pi/netatmo/netatmo_climate.py", line 141, in <module>
    main()
    ~~~~^^
  File "/home/pi/netatmo/netatmo_climate.py", line 136, in main
    row = parse_climate_data(home, status)
  File "/home/pi/netatmo/netatmo_climate.py", line 91, in parse_climate_data
    temp_indoor = room["therm_measured_temperature"]
                  ~~~~^^^^^^^^^^^^^^^^^^^^^^^^^^^^^^
KeyError: 'therm_measured_temperature'
Traceback (most recent call last):
  File "/home/pi/netatmo/netatmo_climate.py", line 141, in <module>
    main()
    ~~~~^^
  File "/home/pi/netatmo/netatmo_climate.py", line 136, in main
    row = parse_climate_data(home, status)
  File "/home/pi/netatmo/netatmo_climate.py", line 91, in parse_climate_data
    temp_indoor = room["therm_measured_temperature"]
                  ~~~~^^^^^^^^^^^^^^^^^^^^^^^^^^^^^^
KeyError: 'therm_measured_temperature'
Traceback (most recent call last):
  File "/home/pi/netatmo/netatmo_climate.py", line 141, in <module>
    main()
    ~~~~^^
  File "/home/pi/netatmo/netatmo_climate.py", line 135, in main
    home, status = get_climate_data(access_token, HOME_ID)
                   ~~~~~~~~~~~~~~~~^^^^^^^^^^^^^^^^^^^^^^^
  File "/home/pi/netatmo/netatmo_climate.py", line 77, in get_climate_data
    r2.raise_for_status()
    ~~~~~~~~~~~~~~~~~~~^^
  File "/home/pi/netatmo/venv/lib/python3.13/site-packages/requests/models.py", line 1026, in raise_for_status
    raise HTTPError(http_error_msg, response=self)
requests.exceptions.HTTPError: 429 Client Error: ConcurrencyLimitTimedOut for url: https://api.netatmo.com/api/homestatus?home_id=5923ef916d1dbdb79a8b476c
Traceback (most recent call last):
  File "/home/pi/netatmo/netatmo_climate.py", line 141, in <module>
    main()
    ~~~~^^
  File "/home/pi/netatmo/netatmo_climate.py", line 135, in main
    home, status = get_climate_data(access_token, HOME_ID)
                   ~~~~~~~~~~~~~~~~^^^^^^^^^^^^^^^^^^^^^^^
  File "/home/pi/netatmo/netatmo_climate.py", line 77, in get_climate_data
    r2.raise_for_status()
    ~~~~~~~~~~~~~~~~~~~^^
  File "/home/pi/netatmo/venv/lib/python3.13/site-packages/requests/models.py", line 1026, in raise_for_status
    raise HTTPError(http_error_msg, response=self)
requests.exceptions.HTTPError: 429 Client Error: ConcurrencyLimitTimedOut for url: https://api.netatmo.com/api/homestatus?home_id=5923ef916d1dbdb79a8b476c
Traceback (most recent call last):
  File "/home/pi/netatmo/netatmo_climate.py", line 141, in <module>
    main()
    ~~~~^^
  File "/home/pi/netatmo/netatmo_climate.py", line 135, in main
    home, status = get_climate_data(access_token, HOME_ID)
                   ~~~~~~~~~~~~~~~~^^^^^^^^^^^^^^^^^^^^^^^
  File "/home/pi/netatmo/netatmo_climate.py", line 77, in get_climate_data
    r2.raise_for_status()
    ~~~~~~~~~~~~~~~~~~~^^
  File "/home/pi/netatmo/venv/lib/python3.13/site-packages/requests/models.py", line 1026, in raise_for_status
    raise HTTPError(http_error_msg, response=self)
requests.exceptions.HTTPError: 429 Client Error: ConcurrencyLimitTimedOut for url: https://api.netatmo.com/api/homestatus?home_id=5923ef916d1dbdb79a8b476c
Traceback (most recent call last):
  File "/home/pi/netatmo/netatmo_climate.py", line 141, in <module>
    main()
    ~~~~^^
  File "/home/pi/netatmo/netatmo_climate.py", line 135, in main
    home, status = get_climate_data(access_token, HOME_ID)
                   ~~~~~~~~~~~~~~~~^^^^^^^^^^^^^^^^^^^^^^^
  File "/home/pi/netatmo/netatmo_climate.py", line 77, in get_climate_data
    r2.raise_for_status()
    ~~~~~~~~~~~~~~~~~~~^^
  File "/home/pi/netatmo/venv/lib/python3.13/site-packages/requests/models.py", line 1026, in raise_for_status
    raise HTTPError(http_error_msg, response=self)
requests.exceptions.HTTPError: 429 Client Error: ConcurrencyLimitTimedOut for url: https://api.netatmo.com/api/homestatus?home_id=5923ef916d1dbdb79a8b476c
Traceback (most recent call last):
  File "/home/pi/netatmo/netatmo_climate.py", line 141, in <module>
    main()
    ~~~~^^
  File "/home/pi/netatmo/netatmo_climate.py", line 135, in main
    home, status = get_climate_data(access_token, HOME_ID)
                   ~~~~~~~~~~~~~~~~^^^^^^^^^^^^^^^^^^^^^^^
  File "/home/pi/netatmo/netatmo_climate.py", line 77, in get_climate_data
    r2.raise_for_status()
    ~~~~~~~~~~~~~~~~~~~^^
  File "/home/pi/netatmo/venv/lib/python3.13/site-packages/requests/models.py", line 1026, in raise_for_status
    raise HTTPError(http_error_msg, response=self)
requests.exceptions.HTTPError: 429 Client Error: ConcurrencyLimitTimedOut for url: https://api.netatmo.com/api/homestatus?home_id=5923ef916d1dbdb79a8b476c
Traceback (most recent call last):
  File "/home/pi/netatmo/netatmo_climate.py", line 141, in <module>
    main()
    ~~~~^^
  File "/home/pi/netatmo/netatmo_climate.py", line 135, in main
    home, status = get_climate_data(access_token, HOME_ID)
                   ~~~~~~~~~~~~~~~~^^^^^^^^^^^^^^^^^^^^^^^
  File "/home/pi/netatmo/netatmo_climate.py", line 77, in get_climate_data
    r2.raise_for_status()
    ~~~~~~~~~~~~~~~~~~~^^
  File "/home/pi/netatmo/venv/lib/python3.13/site-packages/requests/models.py", line 1026, in raise_for_status
    raise HTTPError(http_error_msg, response=self)
requests.exceptions.HTTPError: 429 Client Error: ConcurrencyLimitTimedOut for url: https://api.netatmo.com/api/homestatus?home_id=5923ef916d1dbdb79a8b476c
Traceback (most recent call last):
  File "/home/pi/netatmo/netatmo_climate.py", line 141, in <module>
    main()
    ~~~~^^
  File "/home/pi/netatmo/netatmo_climate.py", line 135, in main
    home, status = get_climate_data(access_token, HOME_ID)
                   ~~~~~~~~~~~~~~~~^^^^^^^^^^^^^^^^^^^^^^^
  File "/home/pi/netatmo/netatmo_climate.py", line 77, in get_climate_data
    r2.raise_for_status()
    ~~~~~~~~~~~~~~~~~~~^^
  File "/home/pi/netatmo/venv/lib/python3.13/site-packages/requests/models.py", line 1026, in raise_for_status
    raise HTTPError(http_error_msg, response=self)
requests.exceptions.HTTPError: 429 Client Error: ConcurrencyLimitTimedOut for url: https://api.netatmo.com/api/homestatus?home_id=5923ef916d1dbdb79a8b476c
Traceback (most recent call last):
  File "/home/pi/netatmo/netatmo_climate.py", line 141, in <module>
    main()
    ~~~~^^
  File "/home/pi/netatmo/netatmo_climate.py", line 135, in main
    home, status = get_climate_data(access_token, HOME_ID)
                   ~~~~~~~~~~~~~~~~^^^^^^^^^^^^^^^^^^^^^^^
  File "/home/pi/netatmo/netatmo_climate.py", line 77, in get_climate_data
    r2.raise_for_status()
    ~~~~~~~~~~~~~~~~~~~^^
  File "/home/pi/netatmo/venv/lib/python3.13/site-packages/requests/models.py", line 1026, in raise_for_status
    raise HTTPError(http_error_msg, response=self)
requests.exceptions.HTTPError: 429 Client Error: ConcurrencyLimitTimedOut for url: https://api.netatmo.com/api/homestatus?home_id=5923ef916d1dbdb79a8b476c
Traceback (most recent call last):
  File "/home/pi/netatmo/netatmo_climate.py", line 141, in <module>
    main()
    ~~~~^^
  File "/home/pi/netatmo/netatmo_climate.py", line 135, in main
    home, status = get_climate_data(access_token, HOME_ID)
                   ~~~~~~~~~~~~~~~~^^^^^^^^^^^^^^^^^^^^^^^
  File "/home/pi/netatmo/netatmo_climate.py", line 77, in get_climate_data
    r2.raise_for_status()
    ~~~~~~~~~~~~~~~~~~~^^
  File "/home/pi/netatmo/venv/lib/python3.13/site-packages/requests/models.py", line 1026, in raise_for_status
    raise HTTPError(http_error_msg, response=self)
requests.exceptions.HTTPError: 429 Client Error: ConcurrencyLimitTimedOut for url: https://api.netatmo.com/api/homestatus?home_id=5923ef916d1dbdb79a8b476c
Traceback (most recent call last):
  File "/home/pi/netatmo/netatmo_climate.py", line 141, in <module>
    main()
    ~~~~^^
  File "/home/pi/netatmo/netatmo_climate.py", line 135, in main
    home, status = get_climate_data(access_token, HOME_ID)
                   ~~~~~~~~~~~~~~~~^^^^^^^^^^^^^^^^^^^^^^^
  File "/home/pi/netatmo/netatmo_climate.py", line 77, in get_climate_data
    r2.raise_for_status()
    ~~~~~~~~~~~~~~~~~~~^^
  File "/home/pi/netatmo/venv/lib/python3.13/site-packages/requests/models.py", line 1026, in raise_for_status
    raise HTTPError(http_error_msg, response=self)
requests.exceptions.HTTPError: 429 Client Error: ConcurrencyLimitTimedOut for url: https://api.netatmo.com/api/homestatus?home_id=5923ef916d1dbdb79a8b476c
Traceback (most recent call last):
  File "/home/pi/netatmo/netatmo_climate.py", line 141, in <module>
    main()
    ~~~~^^
  File "/home/pi/netatmo/netatmo_climate.py", line 135, in main
    home, status = get_climate_data(access_token, HOME_ID)
                   ~~~~~~~~~~~~~~~~^^^^^^^^^^^^^^^^^^^^^^^
  File "/home/pi/netatmo/netatmo_climate.py", line 77, in get_climate_data
    r2.raise_for_status()
    ~~~~~~~~~~~~~~~~~~~^^
  File "/home/pi/netatmo/venv/lib/python3.13/site-packages/requests/models.py", line 1026, in raise_for_status
    raise HTTPError(http_error_msg, response=self)
requests.exceptions.HTTPError: 429 Client Error: ConcurrencyLimitTimedOut for url: https://api.netatmo.com/api/homestatus?home_id=5923ef916d1dbdb79a8b476c
Traceback (most recent call last):
  File "/home/pi/netatmo/netatmo_climate.py", line 141, in <module>
    main()
    ~~~~^^
  File "/home/pi/netatmo/netatmo_climate.py", line 135, in main
    home, status = get_climate_data(access_token, HOME_ID)
                   ~~~~~~~~~~~~~~~~^^^^^^^^^^^^^^^^^^^^^^^
  File "/home/pi/netatmo/netatmo_climate.py", line 77, in get_climate_data
    r2.raise_for_status()
    ~~~~~~~~~~~~~~~~~~~^^
  File "/home/pi/netatmo/venv/lib/python3.13/site-packages/requests/models.py", line 1026, in raise_for_status
    raise HTTPError(http_error_msg, response=self)
requests.exceptions.HTTPError: 429 Client Error: ConcurrencyLimitTimedOut for url: https://api.netatmo.com/api/homestatus?home_id=5923ef916d1dbdb79a8b476c
Traceback (most recent call last):
  File "/home/pi/netatmo/netatmo_climate.py", line 141, in <module>
    main()
    ~~~~^^
  File "/home/pi/netatmo/netatmo_climate.py", line 135, in main
    home, status = get_climate_data(access_token, HOME_ID)
                   ~~~~~~~~~~~~~~~~^^^^^^^^^^^^^^^^^^^^^^^
  File "/home/pi/netatmo/netatmo_climate.py", line 77, in get_climate_data
    r2.raise_for_status()
    ~~~~~~~~~~~~~~~~~~~^^
  File "/home/pi/netatmo/venv/lib/python3.13/site-packages/requests/models.py", line 1026, in raise_for_status
    raise HTTPError(http_error_msg, response=self)
requests.exceptions.HTTPError: 429 Client Error: ConcurrencyLimitTimedOut for url: https://api.netatmo.com/api/homestatus?home_id=5923ef916d1dbdb79a8b476c
Traceback (most recent call last):
  File "/home/pi/netatmo/netatmo_climate.py", line 141, in <module>
    main()
    ~~~~^^
  File "/home/pi/netatmo/netatmo_climate.py", line 135, in main
    home, status = get_climate_data(access_token, HOME_ID)
                   ~~~~~~~~~~~~~~~~^^^^^^^^^^^^^^^^^^^^^^^
  File "/home/pi/netatmo/netatmo_climate.py", line 77, in get_climate_data
    r2.raise_for_status()
    ~~~~~~~~~~~~~~~~~~~^^
  File "/home/pi/netatmo/venv/lib/python3.13/site-packages/requests/models.py", line 1026, in raise_for_status
    raise HTTPError(http_error_msg, response=self)
requests.exceptions.HTTPError: 429 Client Error: ConcurrencyLimitTimedOut for url: https://api.netatmo.com/api/homestatus?home_id=5923ef916d1dbdb79a8b476c
Traceback (most recent call last):
  File "/home/pi/netatmo/netatmo_climate.py", line 141, in <module>
    main()
    ~~~~^^
  File "/home/pi/netatmo/netatmo_climate.py", line 135, in main
    home, status = get_climate_data(access_token, HOME_ID)
                   ~~~~~~~~~~~~~~~~^^^^^^^^^^^^^^^^^^^^^^^
  File "/home/pi/netatmo/netatmo_climate.py", line 77, in get_climate_data
    r2.raise_for_status()
    ~~~~~~~~~~~~~~~~~~~^^
  File "/home/pi/netatmo/venv/lib/python3.13/site-packages/requests/models.py", line 1026, in raise_for_status
    raise HTTPError(http_error_msg, response=self)
requests.exceptions.HTTPError: 429 Client Error: ConcurrencyLimitTimedOut for url: https://api.netatmo.com/api/homestatus?home_id=5923ef916d1dbdb79a8b476c
Traceback (most recent call last):
  File "/home/pi/netatmo/netatmo_climate.py", line 141, in <module>
    main()
    ~~~~^^
  File "/home/pi/netatmo/netatmo_climate.py", line 135, in main
    home, status = get_climate_data(access_token, HOME_ID)
                   ~~~~~~~~~~~~~~~~^^^^^^^^^^^^^^^^^^^^^^^
  File "/home/pi/netatmo/netatmo_climate.py", line 77, in get_climate_data
    r2.raise_for_status()
    ~~~~~~~~~~~~~~~~~~~^^
  File "/home/pi/netatmo/venv/lib/python3.13/site-packages/requests/models.py", line 1026, in raise_for_status
    raise HTTPError(http_error_msg, response=self)
requests.exceptions.HTTPError: 429 Client Error: ConcurrencyLimitTimedOut for url: https://api.netatmo.com/api/homestatus?home_id=5923ef916d1dbdb79a8b476c
Traceback (most recent call last):
  File "/home/pi/netatmo/netatmo_climate.py", line 141, in <module>
    main()
    ~~~~^^
  File "/home/pi/netatmo/netatmo_climate.py", line 135, in main
    home, status = get_climate_data(access_token, HOME_ID)
                   ~~~~~~~~~~~~~~~~^^^^^^^^^^^^^^^^^^^^^^^
  File "/home/pi/netatmo/netatmo_climate.py", line 77, in get_climate_data
    r2.raise_for_status()
    ~~~~~~~~~~~~~~~~~~~^^
  File "/home/pi/netatmo/venv/lib/python3.13/site-packages/requests/models.py", line 1026, in raise_for_status
    raise HTTPError(http_error_msg, response=self)
requests.exceptions.HTTPError: 429 Client Error: ConcurrencyLimitTimedOut for url: https://api.netatmo.com/api/homestatus?home_id=5923ef916d1dbdb79a8b476c
Traceback (most recent call last):
  File "/home/pi/netatmo/netatmo_climate.py", line 141, in <module>
    main()
    ~~~~^^
  File "/home/pi/netatmo/netatmo_climate.py", line 135, in main
    home, status = get_climate_data(access_token, HOME_ID)
                   ~~~~~~~~~~~~~~~~^^^^^^^^^^^^^^^^^^^^^^^
  File "/home/pi/netatmo/netatmo_climate.py", line 77, in get_climate_data
    r2.raise_for_status()
    ~~~~~~~~~~~~~~~~~~~^^
  File "/home/pi/netatmo/venv/lib/python3.13/site-packages/requests/models.py", line 1026, in raise_for_status
    raise HTTPError(http_error_msg, response=self)
requests.exceptions.HTTPError: 429 Client Error: ConcurrencyLimitTimedOut for url: https://api.netatmo.com/api/homestatus?home_id=5923ef916d1dbdb79a8b476c
Traceback (most recent call last):
  File "/home/pi/netatmo/netatmo_climate.py", line 141, in <module>
    main()
    ~~~~^^
  File "/home/pi/netatmo/netatmo_climate.py", line 135, in main
    home, status = get_climate_data(access_token, HOME_ID)
                   ~~~~~~~~~~~~~~~~^^^^^^^^^^^^^^^^^^^^^^^
  File "/home/pi/netatmo/netatmo_climate.py", line 77, in get_climate_data
    r2.raise_for_status()
    ~~~~~~~~~~~~~~~~~~~^^
  File "/home/pi/netatmo/venv/lib/python3.13/site-packages/requests/models.py", line 1026, in raise_for_status
    raise HTTPError(http_error_msg, response=self)
requests.exceptions.HTTPError: 429 Client Error: ConcurrencyLimitTimedOut for url: https://api.netatmo.com/api/homestatus?home_id=5923ef916d1dbdb79a8b476c
Traceback (most recent call last):
  File "/home/pi/netatmo/venv/lib/python3.13/site-packages/urllib3/connectionpool.py", line 787, in urlopen
    response = self._make_request(
        conn,
    ...<10 lines>...
        **response_kw,
    )
  File "/home/pi/netatmo/venv/lib/python3.13/site-packages/urllib3/connectionpool.py", line 534, in _make_request
    response = conn.getresponse()
  File "/home/pi/netatmo/venv/lib/python3.13/site-packages/urllib3/connection.py", line 571, in getresponse
    httplib_response = super().getresponse()
  File "/usr/lib/python3.13/http/client.py", line 1430, in getresponse
    response.begin()
    ~~~~~~~~~~~~~~^^
  File "/usr/lib/python3.13/http/client.py", line 331, in begin
    version, status, reason = self._read_status()
                              ~~~~~~~~~~~~~~~~~^^
  File "/usr/lib/python3.13/http/client.py", line 300, in _read_status
    raise RemoteDisconnected("Remote end closed connection without"
                             " response")
http.client.RemoteDisconnected: Remote end closed connection without response

During handling of the above exception, another exception occurred:

Traceback (most recent call last):
  File "/home/pi/netatmo/venv/lib/python3.13/site-packages/requests/adapters.py", line 644, in send
    resp = conn.urlopen(
        method=request.method,
    ...<9 lines>...
        chunked=chunked,
    )
  File "/home/pi/netatmo/venv/lib/python3.13/site-packages/urllib3/connectionpool.py", line 841, in urlopen
    retries = retries.increment(
        method, url, error=new_e, _pool=self, _stacktrace=sys.exc_info()[2]
    )
  File "/home/pi/netatmo/venv/lib/python3.13/site-packages/urllib3/util/retry.py", line 490, in increment
    raise reraise(type(error), error, _stacktrace)
          ~~~~~~~^^^^^^^^^^^^^^^^^^^^^^^^^^^^^^^^^
  File "/home/pi/netatmo/venv/lib/python3.13/site-packages/urllib3/util/util.py", line 38, in reraise
    raise value.with_traceback(tb)
  File "/home/pi/netatmo/venv/lib/python3.13/site-packages/urllib3/connectionpool.py", line 787, in urlopen
    response = self._make_request(
        conn,
    ...<10 lines>...
        **response_kw,
    )
  File "/home/pi/netatmo/venv/lib/python3.13/site-packages/urllib3/connectionpool.py", line 534, in _make_request
    response = conn.getresponse()
  File "/home/pi/netatmo/venv/lib/python3.13/site-packages/urllib3/connection.py", line 571, in getresponse
    httplib_response = super().getresponse()
  File "/usr/lib/python3.13/http/client.py", line 1430, in getresponse
    response.begin()
    ~~~~~~~~~~~~~~^^
  File "/usr/lib/python3.13/http/client.py", line 331, in begin
    version, status, reason = self._read_status()
                              ~~~~~~~~~~~~~~~~~^^
  File "/usr/lib/python3.13/http/client.py", line 300, in _read_status
    raise RemoteDisconnected("Remote end closed connection without"
                             " response")
urllib3.exceptions.ProtocolError: ('Connection aborted.', RemoteDisconnected('Remote end closed connection without response'))

During handling of the above exception, another exception occurred:

Traceback (most recent call last):
  File "/home/pi/netatmo/netatmo_climate.py", line 141, in <module>
    main()
    ~~~~^^
  File "/home/pi/netatmo/netatmo_climate.py", line 134, in main
    access_token = get_access_token()
  File "/home/pi/netatmo/netatmo_climate.py", line 57, in get_access_token
    return refresh_access_token()
  File "/home/pi/netatmo/netatmo_climate.py", line 45, in refresh_access_token
    r = requests.post(url, data=data)
  File "/home/pi/netatmo/venv/lib/python3.13/site-packages/requests/api.py", line 115, in post
    return request("post", url, data=data, json=json, **kwargs)
  File "/home/pi/netatmo/venv/lib/python3.13/site-packages/requests/api.py", line 59, in request
    return session.request(method=method, url=url, **kwargs)
           ~~~~~~~~~~~~~~~^^^^^^^^^^^^^^^^^^^^^^^^^^^^^^^^^^
  File "/home/pi/netatmo/venv/lib/python3.13/site-packages/requests/sessions.py", line 589, in request
    resp = self.send(prep, **send_kwargs)
  File "/home/pi/netatmo/venv/lib/python3.13/site-packages/requests/sessions.py", line 703, in send
    r = adapter.send(request, **kwargs)
  File "/home/pi/netatmo/venv/lib/python3.13/site-packages/requests/adapters.py", line 659, in send
    raise ConnectionError(err, request=request)
requests.exceptions.ConnectionError: ('Connection aborted.', RemoteDisconnected('Remote end closed connection without response'))
